<?xml version="1.0" encoding="UTF-8" standalone="no"?>
<testsuite failures="0" name="cucumber.runtime.formatter.JUnitFormatter" skipped="0" tests="1" time="14.219633">
<testcase classname="Google search Test" name="search scenario" time="14.219633">
<system-out><![CDATA[Given url of google "https://www.google.com/"...............................passed
When text to search "swami".................................................passed
When click on search........................................................passed
Then validate page title....................................................passed
]]></system-out>
</testcase>
</testsuite>
